<?xml version="1.0" encoding="UTF-8"?>
<testng-results ignored="0" total="2" passed="2" failed="0" skipped="0">
  <reporter-output>
  </reporter-output>
  <suite started-at="2018-04-12T22:04:32Z" name="Surefire suite" finished-at="2018-04-12T22:05:40Z" duration-ms="67655">
    <groups>
      <group name="cucumber">
        <method signature="AbstractTestNGCucumberTests.feature(cucumber.api.testng.CucumberFeatureWrapper)[pri:0, instance:runner.TestRunner@6aba2b86]" name="feature" class="cucumber.api.testng.AbstractTestNGCucumberTests"/>
      </group> <!-- cucumber -->
    </groups>
    <test started-at="2018-04-12T22:04:32Z" name="Surefire test" finished-at="2018-04-12T22:05:40Z" duration-ms="67655">
      <class name="runner.TestRunner">
        <test-method is-config="true" signature="setUpClass()[pri:0, instance:runner.TestRunner@6aba2b86]" started-at="2018-04-12T22:04:32Z" name="setUpClass" finished-at="2018-04-12T22:04:33Z" duration-ms="420" status="PASS">
          <reporter-output>
          </reporter-output>
        </test-method> <!-- setUpClass -->
        <test-method signature="feature(cucumber.api.testng.CucumberFeatureWrapper)[pri:0, instance:runner.TestRunner@6aba2b86]" started-at="2018-04-12T22:04:33Z" name="feature" description="Runs Cucumber Feature" data-provider="features" finished-at="2018-04-12T22:05:02Z" duration-ms="28599" status="PASS">
          <params>
            <param index="0">
              <value>
                <![CDATA[LoginFeature]]>
              </value>
            </param>
          </params>
          <reporter-output>
          </reporter-output>
        </test-method> <!-- feature -->
        <test-method signature="feature(cucumber.api.testng.CucumberFeatureWrapper)[pri:0, instance:runner.TestRunner@6aba2b86]" started-at="2018-04-12T22:05:02Z" name="feature" description="Runs Cucumber Feature" data-provider="features" finished-at="2018-04-12T22:05:40Z" duration-ms="38140" status="PASS">
          <params>
            <param index="0">
              <value>
                <![CDATA[RegistrationFeature]]>
              </value>
            </param>
          </params>
          <reporter-output>
          </reporter-output>
        </test-method> <!-- feature -->
        <test-method is-config="true" signature="tearDownClass()[pri:0, instance:runner.TestRunner@6aba2b86]" started-at="2018-04-12T22:05:40Z" name="tearDownClass" finished-at="2018-04-12T22:05:40Z" duration-ms="214" status="PASS">
          <reporter-output>
          </reporter-output>
        </test-method> <!-- tearDownClass -->
      </class> <!-- runner.TestRunner -->
    </test> <!-- Surefire test -->
  </suite> <!-- Surefire suite -->
</testng-results>
